<?xml version="1.0" encoding="UTF-8"?>
<!-- Generated by org.testng.reporters.JUnitXMLReporter -->
<testsuite ignored="0" hostname="badabeeddccbcfeefcabbdbafbeadcba-0" failures="0" tests="3" name="Surefire test" time="24.501" errors="0" timestamp="2023-08-10T13:47:21 UTC">
  <testcase classname="testcases.Testcase1" name="Register" time="7.296"/>
  <testcase classname="testcases.Testcase1" name="Valid_Login_TC" time="2.662"/>
  <testcase classname="testcases.Testcase1" name="TC_Vote_003" time="2.978"/>
</testsuite> <!-- Surefire test -->
